#! /opt/homebrew/Cellar/icarus-verilog/12.0/bin/vvp
:ivl_version "12.0 (stable)";
:ivl_delay_selection "TYPICAL";
:vpi_time_precision + 0;
:vpi_module "/opt/homebrew/Cellar/icarus-verilog/12.0/lib/ivl/system.vpi";
:vpi_module "/opt/homebrew/Cellar/icarus-verilog/12.0/lib/ivl/vhdl_sys.vpi";
:vpi_module "/opt/homebrew/Cellar/icarus-verilog/12.0/lib/ivl/vhdl_textio.vpi";
:vpi_module "/opt/homebrew/Cellar/icarus-verilog/12.0/lib/ivl/v2005_math.vpi";
:vpi_module "/opt/homebrew/Cellar/icarus-verilog/12.0/lib/ivl/va_math.vpi";
:vpi_module "/opt/homebrew/Cellar/icarus-verilog/12.0/lib/ivl/v2009.vpi";
S_0x11c607bf0 .scope package, "$unit" "$unit" 2 1;
 .timescale 0 0;
S_0x11c60a6f0 .scope module, "test_module" "test_module" 3 2;
 .timescale 0 0;
    .port_info 0 /INPUT 1 "clk";
    .port_info 1 /INPUT 1 "rst_n";
    .port_info 2 /OUTPUT 16 "result";
o0x120040010 .functor BUFZ 1, C4<z>; HiZ drive
v0x11c60a860_0 .net "clk", 0 0, o0x120040010;  0 drivers
v0x11c61a870_0 .var "result", 15 0;
o0x120040070 .functor BUFZ 1, C4<z>; HiZ drive
v0x11c61a910_0 .net "rst_n", 0 0, o0x120040070;  0 drivers
E_0x11c6081e0/0 .event negedge, v0x11c61a910_0;
E_0x11c6081e0/1 .event posedge, v0x11c60a860_0;
E_0x11c6081e0 .event/or E_0x11c6081e0/0, E_0x11c6081e0/1;
    .scope S_0x11c60a6f0;
T_0 ;
    %wait E_0x11c6081e0;
    %load/vec4 v0x11c61a910_0;
    %nor/r;
    %flag_set/vec4 8;
    %jmp/0xz  T_0.0, 8;
    %pushi/vec4 0, 0, 16;
    %assign/vec4 v0x11c61a870_0, 0;
    %jmp T_0.1;
T_0.0 ;
    %load/vec4 v0x11c61a870_0;
    %addi 1, 0, 16;
    %assign/vec4 v0x11c61a870_0, 0;
T_0.1 ;
    %jmp T_0;
    .thread T_0;
# The file index is used to find the file name in the following table.
:file_names 4;
    "N/A";
    "<interactive>";
    "-";
    "/var/folders/3s/473xbh7s01z2gctydvx3k6lh0000gn/T/tmprdzh31b3.sv";
